#! /c/Source/iverilog-install/bin/vvp
:ivl_version "12.0 (devel)" "(s20150603-1539-g2693dd32b)";
:ivl_delay_selection "TYPICAL";
:vpi_time_precision + 0;
:vpi_module "C:\iverilog\lib\ivl\system.vpi";
:vpi_module "C:\iverilog\lib\ivl\vhdl_sys.vpi";
:vpi_module "C:\iverilog\lib\ivl\vhdl_textio.vpi";
:vpi_module "C:\iverilog\lib\ivl\v2005_math.vpi";
:vpi_module "C:\iverilog\lib\ivl\va_math.vpi";
S_000001e6e5b6bc50 .scope module, "decoder" "decoder" 2 1;
 .timescale 0 0;
    .port_info 0 /INPUT 33 "instruction";
    .port_info 1 /OUTPUT 5 "opcode";
    .port_info 2 /OUTPUT 3 "funct3";
    .port_info 3 /OUTPUT 7 "funct7";
    .port_info 4 /OUTPUT 5 "rs1";
    .port_info 5 /OUTPUT 5 "rs2";
    .port_info 6 /OUTPUT 5 "rd";
    .port_info 7 /OUTPUT 25 "immdata";
v000001e6e5b6bde0_0 .var "funct3", 2 0;
v000001e6e5b6be80_0 .var "funct7", 6 0;
v000001e6e5bf2940_0 .var "immdata", 24 0;
o000001e6e5bf7038 .functor BUFZ 33, C4<zzzzzzzzzzzzzzzzzzzzzzzzzzzzzzzzz>; HiZ drive
v000001e6e5bf29e0_0 .net "instruction", 32 0, o000001e6e5bf7038;  0 drivers
v000001e6e5bf2a80_0 .var "opcode", 4 0;
v000001e6e5bf2b20_0 .var "rd", 4 0;
v000001e6e5bf2bc0_0 .var "rs1", 4 0;
v000001e6e5bf2c60_0 .var "rs2", 4 0;
E_000001e6e5b69b20 .event anyedge, v000001e6e5bf29e0_0;
    .scope S_000001e6e5b6bc50;
T_0 ;
    %wait E_000001e6e5b69b20;
    %load/vec4 v000001e6e5bf29e0_0;
    %parti/s 7, 0, 2;
    %pad/u 5;
    %store/vec4 v000001e6e5bf2a80_0, 0, 5;
    %load/vec4 v000001e6e5bf29e0_0;
    %parti/s 3, 12, 5;
    %store/vec4 v000001e6e5b6bde0_0, 0, 3;
    %load/vec4 v000001e6e5bf29e0_0;
    %parti/s 7, 25, 6;
    %store/vec4 v000001e6e5b6be80_0, 0, 7;
    %load/vec4 v000001e6e5bf29e0_0;
    %parti/s 5, 15, 5;
    %store/vec4 v000001e6e5bf2bc0_0, 0, 5;
    %load/vec4 v000001e6e5bf29e0_0;
    %parti/s 5, 20, 6;
    %store/vec4 v000001e6e5bf2c60_0, 0, 5;
    %load/vec4 v000001e6e5bf29e0_0;
    %parti/s 5, 7, 4;
    %store/vec4 v000001e6e5bf2b20_0, 0, 5;
    %load/vec4 v000001e6e5bf29e0_0;
    %parti/s 25, 7, 4;
    %store/vec4 v000001e6e5bf2940_0, 0, 25;
    %jmp T_0;
    .thread T_0, $push;
# The file index is used to find the file name in the following table.
:file_names 3;
    "N/A";
    "<interactive>";
    "decoder.v";
